
> rent-acar-front-end@0.0.0 start
> ng serve

- Generating browser application bundles...
(node:27484) [DEP0060] DeprecationWarning: The `util._extend` API is deprecated. Please use Object.assign() instead.
(Use `node --trace-deprecation ...` to show where the warning was created)
√ Browser application bundle generation complete.

Initial Chunk Files | Names         |    Size
main.js             | main          | 0 bytes
polyfills.js        | polyfills     | 0 bytes
runtime.js          | runtime       | 0 bytes
scripts.js          | scripts       | 0 bytes
styles.js           | styles        | 0 bytes
vendor.js           | vendor        | 0 bytes

| Initial Total | 0 bytes

Build at: 2025-12-18T01:54:04.807Z - Hash: 2ef1a940700b51c43c7b - Time: 8743ms

Error: ./node_modules/ngx-toastr/toastr.css
Module build failed (from ./node_modules/mini-css-extract-plugin/dist/loader.js):
ModuleBuildError: Module build failed (from ./node_modules/css-loader/dist/cjs.js):
Error [ERR_PACKAGE_PATH_NOT_EXPORTED]: Package subpath './package.json' is not defined by "exports" in C:\Users\lys12\Downloads\RentA-Car-FrontEnd-Angular-master\RentA-Car-FrontEnd-Angular-master\node_modules\postcss\package.json
    at exportsNotFound (node:internal/modules/esm/resolve:314:10)
    at packageExportsResolve (node:internal/modules/esm/resolve:661:9)
    at resolveExports (node:internal/modules/cjs/loader:657:36)
    at Function._findPath (node:internal/modules/cjs/loader:749:31)
    at Function._resolveFilename (node:internal/modules/cjs/loader:1387:27)
    at defaultResolveImpl (node:internal/modules/cjs/loader:1057:19)
    at resolveForCJSWithHooks (node:internal/modules/cjs/loader:1062:22)
    at Function._load (node:internal/modules/cjs/loader:1211:37)
    at TracingChannel.traceSync (node:diagnostics_channel:322:14)
    at wrapModuleLoad (node:internal/modules/cjs/loader:235:24)
    at Module.require (node:internal/modules/cjs/loader:1487:12)
    at require (node:internal/modules/helpers:135:16)
    at Object.<anonymous> (C:\Users\lys12\Downloads\RentA-Car-FrontEnd-Angular-master\RentA-Car-FrontEnd-Angular-master\node_modules\css-loader\dist\index.js:12:39)
    at Module._compile (node:internal/modules/cjs/loader:1730:14)
    at Object..js (node:internal/modules/cjs/loader:1895:10)
    at Module.load (node:internal/modules/cjs/loader:1465:32)
    at C:\Users\lys12\Downloads\RentA-Car-FrontEnd-Angular-master\RentA-Car-FrontEnd-Angular-master\node_modules\webpack\lib\NormalModule.js:316:20
    at C:\Users\lys12\Downloads\RentA-Car-FrontEnd-Angular-master\RentA-Car-FrontEnd-Angular-master\node_modules\loader-runner\lib\LoaderRunner.js:367:11
    at C:\Users\lys12\Downloads\RentA-Car-FrontEnd-Angular-master\RentA-Car-FrontEnd-Angular-master\node_modules\loader-runner\lib\LoaderRunner.js:172:11
    at loadLoader (C:\Users\lys12\Downloads\RentA-Car-FrontEnd-Angular-master\RentA-Car-FrontEnd-Angular-master\node_modules\loader-runner\lib\loadLoader.js:32:11)
    at iteratePitchingLoaders (C:\Users\lys12\Downloads\RentA-Car-FrontEnd-Angular-master\RentA-Car-FrontEnd-Angular-master\node_modules\loader-runner\lib\LoaderRunner.js:169:2)
    at runLoaders (C:\Users\lys12\Downloads\RentA-Car-FrontEnd-Angular-master\RentA-Car-FrontEnd-Angular-master\node_modules\loader-runner\lib\LoaderRunner.js:365:2)
    at NormalModule.doBuild (C:\Users\lys12\Downloads\RentA-Car-FrontEnd-Angular-master\RentA-Car-FrontEnd-Angular-master\node_modules\webpack\lib\NormalModule.js:295:3)
    at NormalModule.build (C:\Users\lys12\Downloads\RentA-Car-FrontEnd-Angular-master\RentA-Car-FrontEnd-Angular-master\node_modules\webpack\lib\NormalModule.js:446:15)
    at Compilation.buildModule (C:\Users\lys12\Downloads\RentA-Car-FrontEnd-Angular-master\RentA-Car-FrontEnd-Angular-master\node_modules\webpack\lib\Compilation.js:739:10)
    at C:\Users\lys12\Downloads\RentA-Car-FrontEnd-Angular-master\RentA-Car-FrontEnd-Angular-master\node_modules\webpack\lib\Compilation.js:1111:12
    at C:\Users\lys12\Downloads\RentA-Car-FrontEnd-Angular-master\RentA-Car-FrontEnd-Angular-master\node_modules\webpack\lib\NormalModuleFactory.js:409:6
    at C:\Users\lys12\Downloads\RentA-Car-FrontEnd-Angular-master\RentA-Car-FrontEnd-Angular-master\node_modules\webpack\lib\NormalModuleFactory.js:155:13
    at AsyncSeriesWaterfallHook.eval [as callAsync] (eval at create (C:\Users\lys12\Downloads\RentA-Car-FrontEnd-Angular-master\RentA-Car-FrontEnd-Angular-master\node_modules\webpack\node_modules\tapable\lib\HookCodeFactory.js:33:10), <anonymous>:18:1)
    at AsyncSeriesWaterfallHook.lazyCompileHook (C:\Users\lys12\Downloads\RentA-Car-FrontEnd-Angular-master\RentA-Car-FrontEnd-Angular-master\node_modules\webpack\node_modules\tapable\lib\Hook.js:154:20)
    at C:\Users\lys12\Downloads\RentA-Car-FrontEnd-Angular-master\RentA-Car-FrontEnd-Angular-master\node_modules\webpack\lib\NormalModuleFactory.js:138:29
    at C:\Users\lys12\Downloads\RentA-Car-FrontEnd-Angular-master\RentA-Car-FrontEnd-Angular-master\node_modules\webpack\lib\NormalModuleFactory.js:346:9

Error: ./src/styles.css
Module build failed (from ./node_modules/mini-css-extract-plugin/dist/loader.js):
ModuleBuildError: Module build failed (from ./node_modules/css-loader/dist/cjs.js):
Error [ERR_PACKAGE_PATH_NOT_EXPORTED]: Package subpath './package.json' is not defined by "exports" in C:\Users\lys12\Downloads\RentA-Car-FrontEnd-Angular-master\RentA-Car-FrontEnd-Angular-master\node_modules\postcss\package.json
    at exportsNotFound (node:internal/modules/esm/resolve:314:10)
    at packageExportsResolve (node:internal/modules/esm/resolve:661:9)
    at resolveExports (node:internal/modules/cjs/loader:657:36)
    at Function._findPath (node:internal/modules/cjs/loader:749:31)
    at Function._resolveFilename (node:internal/modules/cjs/loader:1387:27)
    at defaultResolveImpl (node:internal/modules/cjs/loader:1057:19)
    at resolveForCJSWithHooks (node:internal/modules/cjs/loader:1062:22)
    at Function._load (node:internal/modules/cjs/loader:1211:37)
    at TracingChannel.traceSync (node:diagnostics_channel:322:14)
    at wrapModuleLoad (node:internal/modules/cjs/loader:235:24)
    at Module.require (node:internal/modules/cjs/loader:1487:12)
    at require (node:internal/modules/helpers:135:16)
    at Object.<anonymous> (C:\Users\lys12\Downloads\RentA-Car-FrontEnd-Angular-master\RentA-Car-FrontEnd-Angular-master\node_modules\css-loader\dist\index.js:12:39)
    at Module._compile (node:internal/modules/cjs/loader:1730:14)
    at Object..js (node:internal/modules/cjs/loader:1895:10)
    at Module.load (node:internal/modules/cjs/loader:1465:32)
    at C:\Users\lys12\Downloads\RentA-Car-FrontEnd-Angular-master\RentA-Car-FrontEnd-Angular-master\node_modules\webpack\lib\NormalModule.js:316:20
    at C:\Users\lys12\Downloads\RentA-Car-FrontEnd-Angular-master\RentA-Car-FrontEnd-Angular-master\node_modules\loader-runner\lib\LoaderRunner.js:367:11
    at C:\Users\lys12\Downloads\RentA-Car-FrontEnd-Angular-master\RentA-Car-FrontEnd-Angular-master\node_modules\loader-runner\lib\LoaderRunner.js:172:11
    at loadLoader (C:\Users\lys12\Downloads\RentA-Car-FrontEnd-Angular-master\RentA-Car-FrontEnd-Angular-master\node_modules\loader-runner\lib\loadLoader.js:32:11)
    at iteratePitchingLoaders (C:\Users\lys12\Downloads\RentA-Car-FrontEnd-Angular-master\RentA-Car-FrontEnd-Angular-master\node_modules\loader-runner\lib\LoaderRunner.js:169:2)
    at runLoaders (C:\Users\lys12\Downloads\RentA-Car-FrontEnd-Angular-master\RentA-Car-FrontEnd-Angular-master\node_modules\loader-runner\lib\LoaderRunner.js:365:2)
    at NormalModule.doBuild (C:\Users\lys12\Downloads\RentA-Car-FrontEnd-Angular-master\RentA-Car-FrontEnd-Angular-master\node_modules\webpack\lib\NormalModule.js:295:3)
    at NormalModule.build (C:\Users\lys12\Downloads\RentA-Car-FrontEnd-Angular-master\RentA-Car-FrontEnd-Angular-master\node_modules\webpack\lib\NormalModule.js:446:15)
    at Compilation.buildModule (C:\Users\lys12\Downloads\RentA-Car-FrontEnd-Angular-master\RentA-Car-FrontEnd-Angular-master\node_modules\webpack\lib\Compilation.js:739:10)
    at C:\Users\lys12\Downloads\RentA-Car-FrontEnd-Angular-master\RentA-Car-FrontEnd-Angular-master\node_modules\webpack\lib\Compilation.js:1111:12
    at C:\Users\lys12\Downloads\RentA-Car-FrontEnd-Angular-master\RentA-Car-FrontEnd-Angular-master\node_modules\webpack\lib\NormalModuleFactory.js:409:6
    at C:\Users\lys12\Downloads\RentA-Car-FrontEnd-Angular-master\RentA-Car-FrontEnd-Angular-master\node_modules\webpack\lib\NormalModuleFactory.js:155:13
    at AsyncSeriesWaterfallHook.eval [as callAsync] (eval at create (C:\Users\lys12\Downloads\RentA-Car-FrontEnd-Angular-master\RentA-Car-FrontEnd-Angular-master\node_modules\webpack\node_modules\tapable\lib\HookCodeFactory.js:33:10), <anonymous>:18:1)
    at AsyncSeriesWaterfallHook.lazyCompileHook (C:\Users\lys12\Downloads\RentA-Car-FrontEnd-Angular-master\RentA-Car-FrontEnd-Angular-master\node_modules\webpack\node_modules\tapable\lib\Hook.js:154:20)
    at C:\Users\lys12\Downloads\RentA-Car-FrontEnd-Angular-master\RentA-Car-FrontEnd-Angular-master\node_modules\webpack\lib\NormalModuleFactory.js:138:29
    at C:\Users\lys12\Downloads\RentA-Car-FrontEnd-Angular-master\RentA-Car-FrontEnd-Angular-master\node_modules\webpack\lib\NormalModuleFactory.js:346:9

Error: ./node_modules/bootstrap/dist/css/bootstrap.min.css
Module build failed (from ./node_modules/mini-css-extract-plugin/dist/loader.js):
ModuleBuildError: Module build failed (from ./node_modules/css-loader/dist/cjs.js):
Error [ERR_PACKAGE_PATH_NOT_EXPORTED]: Package subpath './package.json' is not defined by "exports" in C:\Users\lys12\Downloads\RentA-Car-FrontEnd-Angular-master\RentA-Car-FrontEnd-Angular-master\node_modules\postcss\package.json
    at exportsNotFound (node:internal/modules/esm/resolve:314:10)
    at packageExportsResolve (node:internal/modules/esm/resolve:661:9)
    at resolveExports (node:internal/modules/cjs/loader:657:36)
    at Function._findPath (node:internal/modules/cjs/loader:749:31)
    at Function._resolveFilename (node:internal/modules/cjs/loader:1387:27)
    at defaultResolveImpl (node:internal/modules/cjs/loader:1057:19)
    at resolveForCJSWithHooks (node:internal/modules/cjs/loader:1062:22)
    at Function._load (node:internal/modules/cjs/loader:1211:37)
    at TracingChannel.traceSync (node:diagnostics_channel:322:14)
    at wrapModuleLoad (node:internal/modules/cjs/loader:235:24)
    at Module.require (node:internal/modules/cjs/loader:1487:12)
    at require (node:internal/modules/helpers:135:16)
    at Object.<anonymous> (C:\Users\lys12\Downloads\RentA-Car-FrontEnd-Angular-master\RentA-Car-FrontEnd-Angular-master\node_modules\css-loader\dist\index.js:12:39)
    at Module._compile (node:internal/modules/cjs/loader:1730:14)
    at Object..js (node:internal/modules/cjs/loader:1895:10)
    at Module.load (node:internal/modules/cjs/loader:1465:32)
    at C:\Users\lys12\Downloads\RentA-Car-FrontEnd-Angular-master\RentA-Car-FrontEnd-Angular-master\node_modules\webpack\lib\NormalModule.js:316:20
    at C:\Users\lys12\Downloads\RentA-Car-FrontEnd-Angular-master\RentA-Car-FrontEnd-Angular-master\node_modules\loader-runner\lib\LoaderRunner.js:367:11
    at C:\Users\lys12\Downloads\RentA-Car-FrontEnd-Angular-master\RentA-Car-FrontEnd-Angular-master\node_modules\loader-runner\lib\LoaderRunner.js:172:11
    at loadLoader (C:\Users\lys12\Downloads\RentA-Car-FrontEnd-Angular-master\RentA-Car-FrontEnd-Angular-master\node_modules\loader-runner\lib\loadLoader.js:32:11)
    at iteratePitchingLoaders (C:\Users\lys12\Downloads\RentA-Car-FrontEnd-Angular-master\RentA-Car-FrontEnd-Angular-master\node_modules\loader-runner\lib\LoaderRunner.js:169:2)
    at runLoaders (C:\Users\lys12\Downloads\RentA-Car-FrontEnd-Angular-master\RentA-Car-FrontEnd-Angular-master\node_modules\loader-runner\lib\LoaderRunner.js:365:2)
    at NormalModule.doBuild (C:\Users\lys12\Downloads\RentA-Car-FrontEnd-Angular-master\RentA-Car-FrontEnd-Angular-master\node_modules\webpack\lib\NormalModule.js:295:3)
    at NormalModule.build (C:\Users\lys12\Downloads\RentA-Car-FrontEnd-Angular-master\RentA-Car-FrontEnd-Angular-master\node_modules\webpack\lib\NormalModule.js:446:15)
    at Compilation.buildModule (C:\Users\lys12\Downloads\RentA-Car-FrontEnd-Angular-master\RentA-Car-FrontEnd-Angular-master\node_modules\webpack\lib\Compilation.js:739:10)
    at C:\Users\lys12\Downloads\RentA-Car-FrontEnd-Angular-master\RentA-Car-FrontEnd-Angular-master\node_modules\webpack\lib\Compilation.js:1111:12
    at C:\Users\lys12\Downloads\RentA-Car-FrontEnd-Angular-master\RentA-Car-FrontEnd-Angular-master\node_modules\webpack\lib\NormalModuleFactory.js:409:6
    at C:\Users\lys12\Downloads\RentA-Car-FrontEnd-Angular-master\RentA-Car-FrontEnd-Angular-master\node_modules\webpack\lib\NormalModuleFactory.js:155:13
    at AsyncSeriesWaterfallHook.eval [as callAsync] (eval at create (C:\Users\lys12\Downloads\RentA-Car-FrontEnd-Angular-master\RentA-Car-FrontEnd-Angular-master\node_modules\webpack\node_modules\tapable\lib\HookCodeFactory.js:33:10), <anonymous>:18:1)
    at AsyncSeriesWaterfallHook.lazyCompileHook (C:\Users\lys12\Downloads\RentA-Car-FrontEnd-Angular-master\RentA-Car-FrontEnd-Angular-master\node_modules\webpack\node_modules\tapable\lib\Hook.js:154:20)
    at C:\Users\lys12\Downloads\RentA-Car-FrontEnd-Angular-master\RentA-Car-FrontEnd-Angular-master\node_modules\webpack\lib\NormalModuleFactory.js:138:29
    at C:\Users\lys12\Downloads\RentA-Car-FrontEnd-Angular-master\RentA-Car-FrontEnd-Angular-master\node_modules\webpack\lib\NormalModuleFactory.js:346:9

Error: ./src/app/app.component.css
Module build failed (from ./node_modules/postcss-loader/dist/cjs.js):
Error [ERR_PACKAGE_PATH_NOT_EXPORTED]: Package subpath './package.json' is not defined by "exports" in C:\Users\lys12\Downloads\RentA-Car-FrontEnd-Angular-master\RentA-Car-FrontEnd-Angular-master\node_modules\postcss\package.json
    at exportsNotFound (node:internal/modules/esm/resolve:314:10)
    at packageExportsResolve (node:internal/modules/esm/resolve:661:9)
    at resolveExports (node:internal/modules/cjs/loader:657:36)
    at Function._findPath (node:internal/modules/cjs/loader:749:31)
    at Function._resolveFilename (node:internal/modules/cjs/loader:1387:27)
    at defaultResolveImpl (node:internal/modules/cjs/loader:1057:19)
    at resolveForCJSWithHooks (node:internal/modules/cjs/loader:1062:22)
    at Function._load (node:internal/modules/cjs/loader:1211:37)
    at TracingChannel.traceSync (node:diagnostics_channel:322:14)
    at wrapModuleLoad (node:internal/modules/cjs/loader:235:24)
    at Module.require (node:internal/modules/cjs/loader:1487:12)
    at require (node:internal/modules/helpers:135:16)
    at Object.<anonymous> (C:\Users\lys12\Downloads\RentA-Car-FrontEnd-Angular-master\RentA-Car-FrontEnd-Angular-master\node_modules\postcss-loader\dist\index.js:16:39)
    at Module._compile (node:internal/modules/cjs/loader:1730:14)
    at Object..js (node:internal/modules/cjs/loader:1895:10)
    at Module.load (node:internal/modules/cjs/loader:1465:32)

Error: ./src/app/components/car/car.component.css
Module build failed (from ./node_modules/postcss-loader/dist/cjs.js):
Error [ERR_PACKAGE_PATH_NOT_EXPORTED]: Package subpath './package.json' is not defined by "exports" in C:\Users\lys12\Downloads\RentA-Car-FrontEnd-Angular-master\RentA-Car-FrontEnd-Angular-master\node_modules\postcss\package.json
    at exportsNotFound (node:internal/modules/esm/resolve:314:10)
    at packageExportsResolve (node:internal/modules/esm/resolve:661:9)
    at resolveExports (node:internal/modules/cjs/loader:657:36)
    at Function._findPath (node:internal/modules/cjs/loader:749:31)
    at Function._resolveFilename (node:internal/modules/cjs/loader:1387:27)
    at defaultResolveImpl (node:internal/modules/cjs/loader:1057:19)
    at resolveForCJSWithHooks (node:internal/modules/cjs/loader:1062:22)
    at Function._load (node:internal/modules/cjs/loader:1211:37)
    at TracingChannel.traceSync (node:diagnostics_channel:322:14)
    at wrapModuleLoad (node:internal/modules/cjs/loader:235:24)
    at Module.require (node:internal/modules/cjs/loader:1487:12)
    at require (node:internal/modules/helpers:135:16)
    at Object.<anonymous> (C:\Users\lys12\Downloads\RentA-Car-FrontEnd-Angular-master\RentA-Car-FrontEnd-Angular-master\node_modules\postcss-loader\dist\index.js:16:39)
    at Module._compile (node:internal/modules/cjs/loader:1730:14)
    at Object..js (node:internal/modules/cjs/loader:1895:10)
    at Module.load (node:internal/modules/cjs/loader:1465:32)

Error: ./src/app/components/creditcard/creditcard.component.css
Module build failed (from ./node_modules/postcss-loader/dist/cjs.js):
Error [ERR_PACKAGE_PATH_NOT_EXPORTED]: Package subpath './package.json' is not defined by "exports" in C:\Users\lys12\Downloads\RentA-Car-FrontEnd-Angular-master\RentA-Car-FrontEnd-Angular-master\node_modules\postcss\package.json
    at exportsNotFound (node:internal/modules/esm/resolve:314:10)
    at packageExportsResolve (node:internal/modules/esm/resolve:661:9)
    at resolveExports (node:internal/modules/cjs/loader:657:36)
    at Function._findPath (node:internal/modules/cjs/loader:749:31)
    at Function._resolveFilename (node:internal/modules/cjs/loader:1387:27)
    at defaultResolveImpl (node:internal/modules/cjs/loader:1057:19)
    at resolveForCJSWithHooks (node:internal/modules/cjs/loader:1062:22)
    at Function._load (node:internal/modules/cjs/loader:1211:37)
    at TracingChannel.traceSync (node:diagnostics_channel:322:14)
    at wrapModuleLoad (node:internal/modules/cjs/loader:235:24)
    at Module.require (node:internal/modules/cjs/loader:1487:12)
    at require (node:internal/modules/helpers:135:16)
    at Object.<anonymous> (C:\Users\lys12\Downloads\RentA-Car-FrontEnd-Angular-master\RentA-Car-FrontEnd-Angular-master\node_modules\postcss-loader\dist\index.js:16:39)
    at Module._compile (node:internal/modules/cjs/loader:1730:14)
    at Object..js (node:internal/modules/cjs/loader:1895:10)
    at Module.load (node:internal/modules/cjs/loader:1465:32)

Error: ./src/app/components/car-detail/car-detail.component.css
Module build failed (from ./node_modules/postcss-loader/dist/cjs.js):
Error [ERR_PACKAGE_PATH_NOT_EXPORTED]: Package subpath './package.json' is not defined by "exports" in C:\Users\lys12\Downloads\RentA-Car-FrontEnd-Angular-master\RentA-Car-FrontEnd-Angular-master\node_modules\postcss\package.json
    at exportsNotFound (node:internal/modules/esm/resolve:314:10)
    at packageExportsResolve (node:internal/modules/esm/resolve:661:9)
    at resolveExports (node:internal/modules/cjs/loader:657:36)
    at Function._findPath (node:internal/modules/cjs/loader:749:31)
    at Function._resolveFilename (node:internal/modules/cjs/loader:1387:27)
    at defaultResolveImpl (node:internal/modules/cjs/loader:1057:19)
    at resolveForCJSWithHooks (node:internal/modules/cjs/loader:1062:22)
    at Function._load (node:internal/modules/cjs/loader:1211:37)
    at TracingChannel.traceSync (node:diagnostics_channel:322:14)
    at wrapModuleLoad (node:internal/modules/cjs/loader:235:24)
    at Module.require (node:internal/modules/cjs/loader:1487:12)
    at require (node:internal/modules/helpers:135:16)
    at Object.<anonymous> (C:\Users\lys12\Downloads\RentA-Car-FrontEnd-Angular-master\RentA-Car-FrontEnd-Angular-master\node_modules\postcss-loader\dist\index.js:16:39)
    at Module._compile (node:internal/modules/cjs/loader:1730:14)
    at Object..js (node:internal/modules/cjs/loader:1895:10)
    at Module.load (node:internal/modules/cjs/loader:1465:32)

Error: ./src/app/components/rental/rental.component.css
Module build failed (from ./node_modules/postcss-loader/dist/cjs.js):
Error [ERR_PACKAGE_PATH_NOT_EXPORTED]: Package subpath './package.json' is not defined by "exports" in C:\Users\lys12\Downloads\RentA-Car-FrontEnd-Angular-master\RentA-Car-FrontEnd-Angular-master\node_modules\postcss\package.json
    at exportsNotFound (node:internal/modules/esm/resolve:314:10)
    at packageExportsResolve (node:internal/modules/esm/resolve:661:9)
    at resolveExports (node:internal/modules/cjs/loader:657:36)
    at Function._findPath (node:internal/modules/cjs/loader:749:31)
    at Function._resolveFilename (node:internal/modules/cjs/loader:1387:27)
    at defaultResolveImpl (node:internal/modules/cjs/loader:1057:19)
    at resolveForCJSWithHooks (node:internal/modules/cjs/loader:1062:22)
    at Function._load (node:internal/modules/cjs/loader:1211:37)
    at TracingChannel.traceSync (node:diagnostics_channel:322:14)
    at wrapModuleLoad (node:internal/modules/cjs/loader:235:24)
    at Module.require (node:internal/modules/cjs/loader:1487:12)
    at require (node:internal/modules/helpers:135:16)
    at Object.<anonymous> (C:\Users\lys12\Downloads\RentA-Car-FrontEnd-Angular-master\RentA-Car-FrontEnd-Angular-master\node_modules\postcss-loader\dist\index.js:16:39)
    at Module._compile (node:internal/modules/cjs/loader:1730:14)
    at Object..js (node:internal/modules/cjs/loader:1895:10)
    at Module.load (node:internal/modules/cjs/loader:1465:32)

Error: ./src/app/components/navi/navi.component.css
Module build failed (from ./node_modules/postcss-loader/dist/cjs.js):
Error [ERR_PACKAGE_PATH_NOT_EXPORTED]: Package subpath './package.json' is not defined by "exports" in C:\Users\lys12\Downloads\RentA-Car-FrontEnd-Angular-master\RentA-Car-FrontEnd-Angular-master\node_modules\postcss\package.json
    at exportsNotFound (node:internal/modules/esm/resolve:314:10)
    at packageExportsResolve (node:internal/modules/esm/resolve:661:9)
    at resolveExports (node:internal/modules/cjs/loader:657:36)
    at Function._findPath (node:internal/modules/cjs/loader:749:31)
    at Function._resolveFilename (node:internal/modules/cjs/loader:1387:27)
    at defaultResolveImpl (node:internal/modules/cjs/loader:1057:19)
    at resolveForCJSWithHooks (node:internal/modules/cjs/loader:1062:22)
    at Function._load (node:internal/modules/cjs/loader:1211:37)
    at TracingChannel.traceSync (node:diagnostics_channel:322:14)
    at wrapModuleLoad (node:internal/modules/cjs/loader:235:24)
    at Module.require (node:internal/modules/cjs/loader:1487:12)
    at require (node:internal/modules/helpers:135:16)
    at Object.<anonymous> (C:\Users\lys12\Downloads\RentA-Car-FrontEnd-Angular-master\RentA-Car-FrontEnd-Angular-master\node_modules\postcss-loader\dist\index.js:16:39)
    at Module._compile (node:internal/modules/cjs/loader:1730:14)
    at Object..js (node:internal/modules/cjs/loader:1895:10)
    at Module.load (node:internal/modules/cjs/loader:1465:32)

Error: ./src/app/components/customer/customer.component.css
Module build failed (from ./node_modules/postcss-loader/dist/cjs.js):
Error [ERR_PACKAGE_PATH_NOT_EXPORTED]: Package subpath './package.json' is not defined by "exports" in C:\Users\lys12\Downloads\RentA-Car-FrontEnd-Angular-master\RentA-Car-FrontEnd-Angular-master\node_modules\postcss\package.json
    at exportsNotFound (node:internal/modules/esm/resolve:314:10)
    at packageExportsResolve (node:internal/modules/esm/resolve:661:9)
    at resolveExports (node:internal/modules/cjs/loader:657:36)
    at Function._findPath (node:internal/modules/cjs/loader:749:31)
    at Function._resolveFilename (node:internal/modules/cjs/loader:1387:27)
    at defaultResolveImpl (node:internal/modules/cjs/loader:1057:19)
    at resolveForCJSWithHooks (node:internal/modules/cjs/loader:1062:22)
    at Function._load (node:internal/modules/cjs/loader:1211:37)
    at TracingChannel.traceSync (node:diagnostics_channel:322:14)
    at wrapModuleLoad (node:internal/modules/cjs/loader:235:24)
    at Module.require (node:internal/modules/cjs/loader:1487:12)
    at require (node:internal/modules/helpers:135:16)
    at Object.<anonymous> (C:\Users\lys12\Downloads\RentA-Car-FrontEnd-Angular-master\RentA-Car-FrontEnd-Angular-master\node_modules\postcss-loader\dist\index.js:16:39)
    at Module._compile (node:internal/modules/cjs/loader:1730:14)
    at Object..js (node:internal/modules/cjs/loader:1895:10)
    at Module.load (node:internal/modules/cjs/loader:1465:32)

Error: ./src/app/components/color/color.component.css
Module build failed (from ./node_modules/postcss-loader/dist/cjs.js):
Error [ERR_PACKAGE_PATH_NOT_EXPORTED]: Package subpath './package.json' is not defined by "exports" in C:\Users\lys12\Downloads\RentA-Car-FrontEnd-Angular-master\RentA-Car-FrontEnd-Angular-master\node_modules\postcss\package.json
    at exportsNotFound (node:internal/modules/esm/resolve:314:10)
    at packageExportsResolve (node:internal/modules/esm/resolve:661:9)
    at resolveExports (node:internal/modules/cjs/loader:657:36)
    at Function._findPath (node:internal/modules/cjs/loader:749:31)
    at Function._resolveFilename (node:internal/modules/cjs/loader:1387:27)
    at defaultResolveImpl (node:internal/modules/cjs/loader:1057:19)
    at resolveForCJSWithHooks (node:internal/modules/cjs/loader:1062:22)
    at Function._load (node:internal/modules/cjs/loader:1211:37)
    at TracingChannel.traceSync (node:diagnostics_channel:322:14)
    at wrapModuleLoad (node:internal/modules/cjs/loader:235:24)
    at Module.require (node:internal/modules/cjs/loader:1487:12)
    at require (node:internal/modules/helpers:135:16)
    at Object.<anonymous> (C:\Users\lys12\Downloads\RentA-Car-FrontEnd-Angular-master\RentA-Car-FrontEnd-Angular-master\node_modules\postcss-loader\dist\index.js:16:39)
    at Module._compile (node:internal/modules/cjs/loader:1730:14)
    at Object..js (node:internal/modules/cjs/loader:1895:10)
    at Module.load (node:internal/modules/cjs/loader:1465:32)

Error: ./src/app/components/brand/brand.component.css
Module build failed (from ./node_modules/postcss-loader/dist/cjs.js):
Error [ERR_PACKAGE_PATH_NOT_EXPORTED]: Package subpath './package.json' is not defined by "exports" in C:\Users\lys12\Downloads\RentA-Car-FrontEnd-Angular-master\RentA-Car-FrontEnd-Angular-master\node_modules\postcss\package.json
    at exportsNotFound (node:internal/modules/esm/resolve:314:10)
    at packageExportsResolve (node:internal/modules/esm/resolve:661:9)
    at resolveExports (node:internal/modules/cjs/loader:657:36)
    at Function._findPath (node:internal/modules/cjs/loader:749:31)
    at Function._resolveFilename (node:internal/modules/cjs/loader:1387:27)
    at defaultResolveImpl (node:internal/modules/cjs/loader:1057:19)
    at resolveForCJSWithHooks (node:internal/modules/cjs/loader:1062:22)
    at Function._load (node:internal/modules/cjs/loader:1211:37)
    at TracingChannel.traceSync (node:diagnostics_channel:322:14)
    at wrapModuleLoad (node:internal/modules/cjs/loader:235:24)
    at Module.require (node:internal/modules/cjs/loader:1487:12)
    at require (node:internal/modules/helpers:135:16)
    at Object.<anonymous> (C:\Users\lys12\Downloads\RentA-Car-FrontEnd-Angular-master\RentA-Car-FrontEnd-Angular-master\node_modules\postcss-loader\dist\index.js:16:39)
    at Module._compile (node:internal/modules/cjs/loader:1730:14)
    at Object..js (node:internal/modules/cjs/loader:1895:10)
    at Module.load (node:internal/modules/cjs/loader:1465:32)

Error: ./src/app/components/car-filter/car-filter.component.css
Module build failed (from ./node_modules/postcss-loader/dist/cjs.js):
Error [ERR_PACKAGE_PATH_NOT_EXPORTED]: Package subpath './package.json' is not defined by "exports" in C:\Users\lys12\Downloads\RentA-Car-FrontEnd-Angular-master\RentA-Car-FrontEnd-Angular-master\node_modules\postcss\package.json
    at exportsNotFound (node:internal/modules/esm/resolve:314:10)
    at packageExportsResolve (node:internal/modules/esm/resolve:661:9)
    at resolveExports (node:internal/modules/cjs/loader:657:36)
    at Function._findPath (node:internal/modules/cjs/loader:749:31)
    at Function._resolveFilename (node:internal/modules/cjs/loader:1387:27)
    at defaultResolveImpl (node:internal/modules/cjs/loader:1057:19)
    at resolveForCJSWithHooks (node:internal/modules/cjs/loader:1062:22)
    at Function._load (node:internal/modules/cjs/loader:1211:37)
    at TracingChannel.traceSync (node:diagnostics_channel:322:14)
    at wrapModuleLoad (node:internal/modules/cjs/loader:235:24)
    at Module.require (node:internal/modules/cjs/loader:1487:12)
    at require (node:internal/modules/helpers:135:16)
    at Object.<anonymous> (C:\Users\lys12\Downloads\RentA-Car-FrontEnd-Angular-master\RentA-Car-FrontEnd-Angular-master\node_modules\postcss-loader\dist\index.js:16:39)
    at Module._compile (node:internal/modules/cjs/loader:1730:14)
    at Object..js (node:internal/modules/cjs/loader:1895:10)
    at Module.load (node:internal/modules/cjs/loader:1465:32)

Error: ./src/app/components/footer/footer.component.css
Module build failed (from ./node_modules/postcss-loader/dist/cjs.js):
Error [ERR_PACKAGE_PATH_NOT_EXPORTED]: Package subpath './package.json' is not defined by "exports" in C:\Users\lys12\Downloads\RentA-Car-FrontEnd-Angular-master\RentA-Car-FrontEnd-Angular-master\node_modules\postcss\package.json
    at exportsNotFound (node:internal/modules/esm/resolve:314:10)
    at packageExportsResolve (node:internal/modules/esm/resolve:661:9)
    at resolveExports (node:internal/modules/cjs/loader:657:36)
    at Function._findPath (node:internal/modules/cjs/loader:749:31)
    at Function._resolveFilename (node:internal/modules/cjs/loader:1387:27)
    at defaultResolveImpl (node:internal/modules/cjs/loader:1057:19)
    at resolveForCJSWithHooks (node:internal/modules/cjs/loader:1062:22)
    at Function._load (node:internal/modules/cjs/loader:1211:37)
    at TracingChannel.traceSync (node:diagnostics_channel:322:14)
    at wrapModuleLoad (node:internal/modules/cjs/loader:235:24)
    at Module.require (node:internal/modules/cjs/loader:1487:12)
    at require (node:internal/modules/helpers:135:16)
    at Object.<anonymous> (C:\Users\lys12\Downloads\RentA-Car-FrontEnd-Angular-master\RentA-Car-FrontEnd-Angular-master\node_modules\postcss-loader\dist\index.js:16:39)
    at Module._compile (node:internal/modules/cjs/loader:1730:14)
    at Object..js (node:internal/modules/cjs/loader:1895:10)
    at Module.load (node:internal/modules/cjs/loader:1465:32)

Error: ./src/app/components/auth/login/login.component.css
Module build failed (from ./node_modules/postcss-loader/dist/cjs.js):
Error [ERR_PACKAGE_PATH_NOT_EXPORTED]: Package subpath './package.json' is not defined by "exports" in C:\Users\lys12\Downloads\RentA-Car-FrontEnd-Angular-master\RentA-Car-FrontEnd-Angular-master\node_modules\postcss\package.json
    at exportsNotFound (node:internal/modules/esm/resolve:314:10)
    at packageExportsResolve (node:internal/modules/esm/resolve:661:9)
    at resolveExports (node:internal/modules/cjs/loader:657:36)
    at Function._findPath (node:internal/modules/cjs/loader:749:31)
    at Function._resolveFilename (node:internal/modules/cjs/loader:1387:27)
    at defaultResolveImpl (node:internal/modules/cjs/loader:1057:19)
    at resolveForCJSWithHooks (node:internal/modules/cjs/loader:1062:22)
    at Function._load (node:internal/modules/cjs/loader:1211:37)
    at TracingChannel.traceSync (node:diagnostics_channel:322:14)
    at wrapModuleLoad (node:internal/modules/cjs/loader:235:24)
    at Module.require (node:internal/modules/cjs/loader:1487:12)
    at require (node:internal/modules/helpers:135:16)
    at Object.<anonymous> (C:\Users\lys12\Downloads\RentA-Car-FrontEnd-Angular-master\RentA-Car-FrontEnd-Angular-master\node_modules\postcss-loader\dist\index.js:16:39)
    at Module._compile (node:internal/modules/cjs/loader:1730:14)
    at Object..js (node:internal/modules/cjs/loader:1895:10)
    at Module.load (node:internal/modules/cjs/loader:1465:32)

Error: ./src/app/components/auth/register/register.component.css
Module build failed (from ./node_modules/postcss-loader/dist/cjs.js):
Error [ERR_PACKAGE_PATH_NOT_EXPORTED]: Package subpath './package.json' is not defined by "exports" in C:\Users\lys12\Downloads\RentA-Car-FrontEnd-Angular-master\RentA-Car-FrontEnd-Angular-master\node_modules\postcss\package.json
    at exportsNotFound (node:internal/modules/esm/resolve:314:10)
    at packageExportsResolve (node:internal/modules/esm/resolve:661:9)
    at resolveExports (node:internal/modules/cjs/loader:657:36)
    at Function._findPath (node:internal/modules/cjs/loader:749:31)
    at Function._resolveFilename (node:internal/modules/cjs/loader:1387:27)
    at defaultResolveImpl (node:internal/modules/cjs/loader:1057:19)
    at resolveForCJSWithHooks (node:internal/modules/cjs/loader:1062:22)
    at Function._load (node:internal/modules/cjs/loader:1211:37)
    at TracingChannel.traceSync (node:diagnostics_channel:322:14)
    at wrapModuleLoad (node:internal/modules/cjs/loader:235:24)
    at Module.require (node:internal/modules/cjs/loader:1487:12)
    at require (node:internal/modules/helpers:135:16)
    at Object.<anonymous> (C:\Users\lys12\Downloads\RentA-Car-FrontEnd-Angular-master\RentA-Car-FrontEnd-Angular-master\node_modules\postcss-loader\dist\index.js:16:39)
    at Module._compile (node:internal/modules/cjs/loader:1730:14)
    at Object..js (node:internal/modules/cjs/loader:1895:10)
    at Module.load (node:internal/modules/cjs/loader:1465:32)

Error: ./src/app/components/auth/user-profil/user-profil.component.css
Module build failed (from ./node_modules/postcss-loader/dist/cjs.js):
Error [ERR_PACKAGE_PATH_NOT_EXPORTED]: Package subpath './package.json' is not defined by "exports" in C:\Users\lys12\Downloads\RentA-Car-FrontEnd-Angular-master\RentA-Car-FrontEnd-Angular-master\node_modules\postcss\package.json
    at exportsNotFound (node:internal/modules/esm/resolve:314:10)
    at packageExportsResolve (node:internal/modules/esm/resolve:661:9)
    at resolveExports (node:internal/modules/cjs/loader:657:36)
    at Function._findPath (node:internal/modules/cjs/loader:749:31)
    at Function._resolveFilename (node:internal/modules/cjs/loader:1387:27)
    at defaultResolveImpl (node:internal/modules/cjs/loader:1057:19)
    at resolveForCJSWithHooks (node:internal/modules/cjs/loader:1062:22)
    at Function._load (node:internal/modules/cjs/loader:1211:37)
    at TracingChannel.traceSync (node:diagnostics_channel:322:14)
    at wrapModuleLoad (node:internal/modules/cjs/loader:235:24)
    at Module.require (node:internal/modules/cjs/loader:1487:12)
    at require (node:internal/modules/helpers:135:16)
    at Object.<anonymous> (C:\Users\lys12\Downloads\RentA-Car-FrontEnd-Angular-master\RentA-Car-FrontEnd-Angular-master\node_modules\postcss-loader\dist\index.js:16:39)
    at Module._compile (node:internal/modules/cjs/loader:1730:14)
    at Object..js (node:internal/modules/cjs/loader:1895:10)
    at Module.load (node:internal/modules/cjs/loader:1465:32)

Error: ./src/app/components/auth/user-profil/useredit/useredit.component.css
Module build failed (from ./node_modules/postcss-loader/dist/cjs.js):
Error [ERR_PACKAGE_PATH_NOT_EXPORTED]: Package subpath './package.json' is not defined by "exports" in C:\Users\lys12\Downloads\RentA-Car-FrontEnd-Angular-master\RentA-Car-FrontEnd-Angular-master\node_modules\postcss\package.json
    at exportsNotFound (node:internal/modules/esm/resolve:314:10)
    at packageExportsResolve (node:internal/modules/esm/resolve:661:9)
    at resolveExports (node:internal/modules/cjs/loader:657:36)
    at Function._findPath (node:internal/modules/cjs/loader:749:31)
    at Function._resolveFilename (node:internal/modules/cjs/loader:1387:27)
    at defaultResolveImpl (node:internal/modules/cjs/loader:1057:19)
    at resolveForCJSWithHooks (node:internal/modules/cjs/loader:1062:22)
    at Function._load (node:internal/modules/cjs/loader:1211:37)
    at TracingChannel.traceSync (node:diagnostics_channel:322:14)
    at wrapModuleLoad (node:internal/modules/cjs/loader:235:24)
    at Module.require (node:internal/modules/cjs/loader:1487:12)
    at require (node:internal/modules/helpers:135:16)
    at Object.<anonymous> (C:\Users\lys12\Downloads\RentA-Car-FrontEnd-Angular-master\RentA-Car-FrontEnd-Angular-master\node_modules\postcss-loader\dist\index.js:16:39)
    at Module._compile (node:internal/modules/cjs/loader:1730:14)
    at Object..js (node:internal/modules/cjs/loader:1895:10)
    at Module.load (node:internal/modules/cjs/loader:1465:32)

Error: ./src/app/components/pages/admin-dashboard/colors-dashboard/colors-dashboard.component.css
Module build failed (from ./node_modules/postcss-loader/dist/cjs.js):
Error [ERR_PACKAGE_PATH_NOT_EXPORTED]: Package subpath './package.json' is not defined by "exports" in C:\Users\lys12\Downloads\RentA-Car-FrontEnd-Angular-master\RentA-Car-FrontEnd-Angular-master\node_modules\postcss\package.json
    at exportsNotFound (node:internal/modules/esm/resolve:314:10)
    at packageExportsResolve (node:internal/modules/esm/resolve:661:9)
    at resolveExports (node:internal/modules/cjs/loader:657:36)
    at Function._findPath (node:internal/modules/cjs/loader:749:31)
    at Function._resolveFilename (node:internal/modules/cjs/loader:1387:27)
    at defaultResolveImpl (node:internal/modules/cjs/loader:1057:19)
    at resolveForCJSWithHooks (node:internal/modules/cjs/loader:1062:22)
    at Function._load (node:internal/modules/cjs/loader:1211:37)
    at TracingChannel.traceSync (node:diagnostics_channel:322:14)
    at wrapModuleLoad (node:internal/modules/cjs/loader:235:24)
    at Module.require (node:internal/modules/cjs/loader:1487:12)
    at require (node:internal/modules/helpers:135:16)
    at Object.<anonymous> (C:\Users\lys12\Downloads\RentA-Car-FrontEnd-Angular-master\RentA-Car-FrontEnd-Angular-master\node_modules\postcss-loader\dist\index.js:16:39)
    at Module._compile (node:internal/modules/cjs/loader:1730:14)
    at Object..js (node:internal/modules/cjs/loader:1895:10)
    at Module.load (node:internal/modules/cjs/loader:1465:32)

Error: ./src/app/components/pages/admin-dashboard/admin-dashboard.component.css
Module build failed (from ./node_modules/postcss-loader/dist/cjs.js):
Error [ERR_PACKAGE_PATH_NOT_EXPORTED]: Package subpath './package.json' is not defined by "exports" in C:\Users\lys12\Downloads\RentA-Car-FrontEnd-Angular-master\RentA-Car-FrontEnd-Angular-master\node_modules\postcss\package.json
    at exportsNotFound (node:internal/modules/esm/resolve:314:10)
    at packageExportsResolve (node:internal/modules/esm/resolve:661:9)
    at resolveExports (node:internal/modules/cjs/loader:657:36)
    at Function._findPath (node:internal/modules/cjs/loader:749:31)
    at Function._resolveFilename (node:internal/modules/cjs/loader:1387:27)
    at defaultResolveImpl (node:internal/modules/cjs/loader:1057:19)
    at resolveForCJSWithHooks (node:internal/modules/cjs/loader:1062:22)
    at Function._load (node:internal/modules/cjs/loader:1211:37)
    at TracingChannel.traceSync (node:diagnostics_channel:322:14)
    at wrapModuleLoad (node:internal/modules/cjs/loader:235:24)
    at Module.require (node:internal/modules/cjs/loader:1487:12)
    at require (node:internal/modules/helpers:135:16)
    at Object.<anonymous> (C:\Users\lys12\Downloads\RentA-Car-FrontEnd-Angular-master\RentA-Car-FrontEnd-Angular-master\node_modules\postcss-loader\dist\index.js:16:39)
    at Module._compile (node:internal/modules/cjs/loader:1730:14)
    at Object..js (node:internal/modules/cjs/loader:1895:10)
    at Module.load (node:internal/modules/cjs/loader:1465:32)

Error: ./src/app/components/pages/admin-dashboard/colors-dashboard/color-add/color-add.component.css
Module build failed (from ./node_modules/postcss-loader/dist/cjs.js):
Error [ERR_PACKAGE_PATH_NOT_EXPORTED]: Package subpath './package.json' is not defined by "exports" in C:\Users\lys12\Downloads\RentA-Car-FrontEnd-Angular-master\RentA-Car-FrontEnd-Angular-master\node_modules\postcss\package.json
    at exportsNotFound (node:internal/modules/esm/resolve:314:10)
    at packageExportsResolve (node:internal/modules/esm/resolve:661:9)
    at resolveExports (node:internal/modules/cjs/loader:657:36)
    at Function._findPath (node:internal/modules/cjs/loader:749:31)
    at Function._resolveFilename (node:internal/modules/cjs/loader:1387:27)
    at defaultResolveImpl (node:internal/modules/cjs/loader:1057:19)
    at resolveForCJSWithHooks (node:internal/modules/cjs/loader:1062:22)
    at Function._load (node:internal/modules/cjs/loader:1211:37)
    at TracingChannel.traceSync (node:diagnostics_channel:322:14)
    at wrapModuleLoad (node:internal/modules/cjs/loader:235:24)
    at Module.require (node:internal/modules/cjs/loader:1487:12)
    at require (node:internal/modules/helpers:135:16)
    at Object.<anonymous> (C:\Users\lys12\Downloads\RentA-Car-FrontEnd-Angular-master\RentA-Car-FrontEnd-Angular-master\node_modules\postcss-loader\dist\index.js:16:39)
    at Module._compile (node:internal/modules/cjs/loader:1730:14)
    at Object..js (node:internal/modules/cjs/loader:1895:10)
    at Module.load (node:internal/modules/cjs/loader:1465:32)

Error: ./src/app/components/pages/admin-dashboard/colors-dashboard/color-edit/color-edit.component.css
Module build failed (from ./node_modules/postcss-loader/dist/cjs.js):
Error [ERR_PACKAGE_PATH_NOT_EXPORTED]: Package subpath './package.json' is not defined by "exports" in C:\Users\lys12\Downloads\RentA-Car-FrontEnd-Angular-master\RentA-Car-FrontEnd-Angular-master\node_modules\postcss\package.json
    at exportsNotFound (node:internal/modules/esm/resolve:314:10)
    at packageExportsResolve (node:internal/modules/esm/resolve:661:9)
    at resolveExports (node:internal/modules/cjs/loader:657:36)
    at Function._findPath (node:internal/modules/cjs/loader:749:31)
    at Function._resolveFilename (node:internal/modules/cjs/loader:1387:27)
    at defaultResolveImpl (node:internal/modules/cjs/loader:1057:19)
    at resolveForCJSWithHooks (node:internal/modules/cjs/loader:1062:22)
    at Function._load (node:internal/modules/cjs/loader:1211:37)
    at TracingChannel.traceSync (node:diagnostics_channel:322:14)
    at wrapModuleLoad (node:internal/modules/cjs/loader:235:24)
    at Module.require (node:internal/modules/cjs/loader:1487:12)
    at require (node:internal/modules/helpers:135:16)
    at Object.<anonymous> (C:\Users\lys12\Downloads\RentA-Car-FrontEnd-Angular-master\RentA-Car-FrontEnd-Angular-master\node_modules\postcss-loader\dist\index.js:16:39)
    at Module._compile (node:internal/modules/cjs/loader:1730:14)
    at Object..js (node:internal/modules/cjs/loader:1895:10)
    at Module.load (node:internal/modules/cjs/loader:1465:32)

Error: ./src/app/components/pages/admin-dashboard/brands-dashboard/brands-dashboard.component.css
Module build failed (from ./node_modules/postcss-loader/dist/cjs.js):
Error [ERR_PACKAGE_PATH_NOT_EXPORTED]: Package subpath './package.json' is not defined by "exports" in C:\Users\lys12\Downloads\RentA-Car-FrontEnd-Angular-master\RentA-Car-FrontEnd-Angular-master\node_modules\postcss\package.json
    at exportsNotFound (node:internal/modules/esm/resolve:314:10)
    at packageExportsResolve (node:internal/modules/esm/resolve:661:9)
    at resolveExports (node:internal/modules/cjs/loader:657:36)
    at Function._findPath (node:internal/modules/cjs/loader:749:31)
    at Function._resolveFilename (node:internal/modules/cjs/loader:1387:27)
    at defaultResolveImpl (node:internal/modules/cjs/loader:1057:19)
    at resolveForCJSWithHooks (node:internal/modules/cjs/loader:1062:22)
    at Function._load (node:internal/modules/cjs/loader:1211:37)
    at TracingChannel.traceSync (node:diagnostics_channel:322:14)
    at wrapModuleLoad (node:internal/modules/cjs/loader:235:24)
    at Module.require (node:internal/modules/cjs/loader:1487:12)
    at require (node:internal/modules/helpers:135:16)
    at Object.<anonymous> (C:\Users\lys12\Downloads\RentA-Car-FrontEnd-Angular-master\RentA-Car-FrontEnd-Angular-master\node_modules\postcss-loader\dist\index.js:16:39)
    at Module._compile (node:internal/modules/cjs/loader:1730:14)
    at Object..js (node:internal/modules/cjs/loader:1895:10)
    at Module.load (node:internal/modules/cjs/loader:1465:32)

Error: ./src/app/components/pages/admin-dashboard/brands-dashboard/brand-add/brand-add.component.css
Module build failed (from ./node_modules/postcss-loader/dist/cjs.js):
Error [ERR_PACKAGE_PATH_NOT_EXPORTED]: Package subpath './package.json' is not defined by "exports" in C:\Users\lys12\Downloads\RentA-Car-FrontEnd-Angular-master\RentA-Car-FrontEnd-Angular-master\node_modules\postcss\package.json
    at exportsNotFound (node:internal/modules/esm/resolve:314:10)
    at packageExportsResolve (node:internal/modules/esm/resolve:661:9)
    at resolveExports (node:internal/modules/cjs/loader:657:36)
    at Function._findPath (node:internal/modules/cjs/loader:749:31)
    at Function._resolveFilename (node:internal/modules/cjs/loader:1387:27)
    at defaultResolveImpl (node:internal/modules/cjs/loader:1057:19)
    at resolveForCJSWithHooks (node:internal/modules/cjs/loader:1062:22)
    at Function._load (node:internal/modules/cjs/loader:1211:37)
    at TracingChannel.traceSync (node:diagnostics_channel:322:14)
    at wrapModuleLoad (node:internal/modules/cjs/loader:235:24)
    at Module.require (node:internal/modules/cjs/loader:1487:12)
    at require (node:internal/modules/helpers:135:16)
    at Object.<anonymous> (C:\Users\lys12\Downloads\RentA-Car-FrontEnd-Angular-master\RentA-Car-FrontEnd-Angular-master\node_modules\postcss-loader\dist\index.js:16:39)
    at Module._compile (node:internal/modules/cjs/loader:1730:14)
    at Object..js (node:internal/modules/cjs/loader:1895:10)
    at Module.load (node:internal/modules/cjs/loader:1465:32)

Error: ./src/app/components/pages/admin-dashboard/brands-dashboard/brand-edit/brand-edit.component.css
Module build failed (from ./node_modules/postcss-loader/dist/cjs.js):
Error [ERR_PACKAGE_PATH_NOT_EXPORTED]: Package subpath './package.json' is not defined by "exports" in C:\Users\lys12\Downloads\RentA-Car-FrontEnd-Angular-master\RentA-Car-FrontEnd-Angular-master\node_modules\postcss\package.json
    at exportsNotFound (node:internal/modules/esm/resolve:314:10)
    at packageExportsResolve (node:internal/modules/esm/resolve:661:9)
    at resolveExports (node:internal/modules/cjs/loader:657:36)
    at Function._findPath (node:internal/modules/cjs/loader:749:31)
    at Function._resolveFilename (node:internal/modules/cjs/loader:1387:27)
    at defaultResolveImpl (node:internal/modules/cjs/loader:1057:19)
    at resolveForCJSWithHooks (node:internal/modules/cjs/loader:1062:22)
    at Function._load (node:internal/modules/cjs/loader:1211:37)
    at TracingChannel.traceSync (node:diagnostics_channel:322:14)
    at wrapModuleLoad (node:internal/modules/cjs/loader:235:24)
    at Module.require (node:internal/modules/cjs/loader:1487:12)
    at require (node:internal/modules/helpers:135:16)
    at Object.<anonymous> (C:\Users\lys12\Downloads\RentA-Car-FrontEnd-Angular-master\RentA-Car-FrontEnd-Angular-master\node_modules\postcss-loader\dist\index.js:16:39)
    at Module._compile (node:internal/modules/cjs/loader:1730:14)
    at Object..js (node:internal/modules/cjs/loader:1895:10)
    at Module.load (node:internal/modules/cjs/loader:1465:32)

Error: ./src/app/components/pages/admin-dashboard/cars-dashboard/cars-dashboard.component.css
Module build failed (from ./node_modules/postcss-loader/dist/cjs.js):
Error [ERR_PACKAGE_PATH_NOT_EXPORTED]: Package subpath './package.json' is not defined by "exports" in C:\Users\lys12\Downloads\RentA-Car-FrontEnd-Angular-master\RentA-Car-FrontEnd-Angular-master\node_modules\postcss\package.json
    at exportsNotFound (node:internal/modules/esm/resolve:314:10)
    at packageExportsResolve (node:internal/modules/esm/resolve:661:9)
    at resolveExports (node:internal/modules/cjs/loader:657:36)
    at Function._findPath (node:internal/modules/cjs/loader:749:31)
    at Function._resolveFilename (node:internal/modules/cjs/loader:1387:27)
    at defaultResolveImpl (node:internal/modules/cjs/loader:1057:19)
    at resolveForCJSWithHooks (node:internal/modules/cjs/loader:1062:22)
    at Function._load (node:internal/modules/cjs/loader:1211:37)
    at TracingChannel.traceSync (node:diagnostics_channel:322:14)
    at wrapModuleLoad (node:internal/modules/cjs/loader:235:24)
    at Module.require (node:internal/modules/cjs/loader:1487:12)
    at require (node:internal/modules/helpers:135:16)
    at Object.<anonymous> (C:\Users\lys12\Downloads\RentA-Car-FrontEnd-Angular-master\RentA-Car-FrontEnd-Angular-master\node_modules\postcss-loader\dist\index.js:16:39)
    at Module._compile (node:internal/modules/cjs/loader:1730:14)
    at Object..js (node:internal/modules/cjs/loader:1895:10)
    at Module.load (node:internal/modules/cjs/loader:1465:32)

Error: ./src/app/components/pages/admin-dashboard/cars-dashboard/car-add/car-add.component.css
Module build failed (from ./node_modules/postcss-loader/dist/cjs.js):
Error [ERR_PACKAGE_PATH_NOT_EXPORTED]: Package subpath './package.json' is not defined by "exports" in C:\Users\lys12\Downloads\RentA-Car-FrontEnd-Angular-master\RentA-Car-FrontEnd-Angular-master\node_modules\postcss\package.json
    at exportsNotFound (node:internal/modules/esm/resolve:314:10)
    at packageExportsResolve (node:internal/modules/esm/resolve:661:9)
    at resolveExports (node:internal/modules/cjs/loader:657:36)
    at Function._findPath (node:internal/modules/cjs/loader:749:31)
    at Function._resolveFilename (node:internal/modules/cjs/loader:1387:27)
    at defaultResolveImpl (node:internal/modules/cjs/loader:1057:19)
    at resolveForCJSWithHooks (node:internal/modules/cjs/loader:1062:22)
    at Function._load (node:internal/modules/cjs/loader:1211:37)
    at TracingChannel.traceSync (node:diagnostics_channel:322:14)
    at wrapModuleLoad (node:internal/modules/cjs/loader:235:24)
    at Module.require (node:internal/modules/cjs/loader:1487:12)
    at require (node:internal/modules/helpers:135:16)
    at Object.<anonymous> (C:\Users\lys12\Downloads\RentA-Car-FrontEnd-Angular-master\RentA-Car-FrontEnd-Angular-master\node_modules\postcss-loader\dist\index.js:16:39)
    at Module._compile (node:internal/modules/cjs/loader:1730:14)
    at Object..js (node:internal/modules/cjs/loader:1895:10)
    at Module.load (node:internal/modules/cjs/loader:1465:32)

Error: ./src/app/components/pages/admin-dashboard/cars-dashboard/car-edit/car-edit.component.css
Module build failed (from ./node_modules/postcss-loader/dist/cjs.js):
Error [ERR_PACKAGE_PATH_NOT_EXPORTED]: Package subpath './package.json' is not defined by "exports" in C:\Users\lys12\Downloads\RentA-Car-FrontEnd-Angular-master\RentA-Car-FrontEnd-Angular-master\node_modules\postcss\package.json
    at exportsNotFound (node:internal/modules/esm/resolve:314:10)
    at packageExportsResolve (node:internal/modules/esm/resolve:661:9)
    at resolveExports (node:internal/modules/cjs/loader:657:36)
    at Function._findPath (node:internal/modules/cjs/loader:749:31)
    at Function._resolveFilename (node:internal/modules/cjs/loader:1387:27)
    at defaultResolveImpl (node:internal/modules/cjs/loader:1057:19)
    at resolveForCJSWithHooks (node:internal/modules/cjs/loader:1062:22)
    at Function._load (node:internal/modules/cjs/loader:1211:37)
    at TracingChannel.traceSync (node:diagnostics_channel:322:14)
    at wrapModuleLoad (node:internal/modules/cjs/loader:235:24)
    at Module.require (node:internal/modules/cjs/loader:1487:12)
    at require (node:internal/modules/helpers:135:16)
    at Object.<anonymous> (C:\Users\lys12\Downloads\RentA-Car-FrontEnd-Angular-master\RentA-Car-FrontEnd-Angular-master\node_modules\postcss-loader\dist\index.js:16:39)
    at Module._compile (node:internal/modules/cjs/loader:1730:14)
    at Object..js (node:internal/modules/cjs/loader:1895:10)
    at Module.load (node:internal/modules/cjs/loader:1465:32)

Error: ./src/app/components/home/home/home.component.css
Module build failed (from ./node_modules/postcss-loader/dist/cjs.js):
Error [ERR_PACKAGE_PATH_NOT_EXPORTED]: Package subpath './package.json' is not defined by "exports" in C:\Users\lys12\Downloads\RentA-Car-FrontEnd-Angular-master\RentA-Car-FrontEnd-Angular-master\node_modules\postcss\package.json
    at exportsNotFound (node:internal/modules/esm/resolve:314:10)
    at packageExportsResolve (node:internal/modules/esm/resolve:661:9)
    at resolveExports (node:internal/modules/cjs/loader:657:36)
    at Function._findPath (node:internal/modules/cjs/loader:749:31)
    at Function._resolveFilename (node:internal/modules/cjs/loader:1387:27)
    at defaultResolveImpl (node:internal/modules/cjs/loader:1057:19)
    at resolveForCJSWithHooks (node:internal/modules/cjs/loader:1062:22)
    at Function._load (node:internal/modules/cjs/loader:1211:37)
    at TracingChannel.traceSync (node:diagnostics_channel:322:14)
    at wrapModuleLoad (node:internal/modules/cjs/loader:235:24)
    at Module.require (node:internal/modules/cjs/loader:1487:12)
    at require (node:internal/modules/helpers:135:16)
    at Object.<anonymous> (C:\Users\lys12\Downloads\RentA-Car-FrontEnd-Angular-master\RentA-Car-FrontEnd-Angular-master\node_modules\postcss-loader\dist\index.js:16:39)
    at Module._compile (node:internal/modules/cjs/loader:1730:14)
    at Object..js (node:internal/modules/cjs/loader:1895:10)
    at Module.load (node:internal/modules/cjs/loader:1465:32)



** Angular Live Development Server is listening on localhost:4200, open your browser on http://localhost:4200/ **

